<?xml version="1.0" encoding="UTF-8"?>
<coverage generated="1692973759071" clover="3.2.0">
  <project timestamp="1692973759071" name="All files">
    <metrics statements="35" coveredstatements="19" conditionals="8" coveredconditionals="4" methods="7" coveredmethods="3" elements="50" coveredelements="26" complexity="0" loc="35" ncloc="35" packages="1" files="1" classes="1"/>
    <file name="todoListActivities.js" path="/home/kifaru/Microverse/Testing-Todo-List/modules/todoListActivities.js">
      <metrics statements="35" coveredstatements="19" conditionals="8" coveredconditionals="4" methods="7" coveredmethods="3"/>
      <line num="3" count="5" type="cond" truecount="2" falsecount="0"/>
      <line num="6" count="5" type="stmt"/>
      <line num="7" count="2" type="cond" truecount="2" falsecount="0"/>
      <line num="8" count="1" type="stmt"/>
      <line num="13" count="1" type="stmt"/>
      <line num="14" count="1" type="stmt"/>
      <line num="19" count="1" type="stmt"/>
      <line num="20" count="1" type="stmt"/>
      <line num="21" count="1" type="stmt"/>
      <line num="23" count="2" type="stmt"/>
      <line num="26" count="5" type="stmt"/>
      <line num="27" count="3" type="stmt"/>
      <line num="28" count="3" type="stmt"/>
      <line num="29" count="6" type="stmt"/>
      <line num="31" count="3" type="stmt"/>
      <line num="35" count="3" type="stmt"/>
      <line num="38" count="5" type="stmt"/>
      <line num="39" count="0" type="stmt"/>
      <line num="42" count="0" type="stmt"/>
      <line num="43" count="0" type="stmt"/>
      <line num="49" count="5" type="stmt"/>
      <line num="50" count="0" type="cond" truecount="0" falsecount="2"/>
      <line num="51" count="0" type="stmt"/>
      <line num="52" count="0" type="stmt"/>
      <line num="55" count="0" type="cond" truecount="0" falsecount="2"/>
      <line num="56" count="0" type="stmt"/>
      <line num="57" count="0" type="stmt"/>
      <line num="61" count="0" type="stmt"/>
      <line num="67" count="5" type="stmt"/>
      <line num="68" count="0" type="stmt"/>
      <line num="69" count="0" type="stmt"/>
      <line num="71" count="0" type="stmt"/>
      <line num="72" count="0" type="stmt"/>
      <line num="74" count="0" type="stmt"/>
      <line num="78" count="0" type="stmt"/>
    </file>
  </project>
</coverage>
